<?xml version="1.0" encoding="UTF-8" ?>
<testsuite errors="0" failures="0" hostname="DESKTOP-KA6NKR3" name="com.mavericks.assignment.unittest.ExpenseHandlerTest" skipped="0" tests="6" time="0.088" timestamp="2018-03-05T03:05:00">
  <properties>
[...]
</properties>
  <testcase classname="com.mavericks.assignment.unittest.ExpenseHandlerTest" name="calculateIndividualExpenses1" time="0.004" />
  <testcase classname="com.mavericks.assignment.unittest.ExpenseHandlerTest" name="calculateIndividualExpenses2" time="0.001" />
  <testcase classname="com.mavericks.assignment.unittest.ExpenseHandlerTest" name="calculateIndividualExpenses3" time="0.001" />
  <testcase classname="com.mavericks.assignment.unittest.ExpenseHandlerTest" name="testNumberFormatException" time="0.001" />
  <testcase classname="com.mavericks.assignment.unittest.ExpenseHandlerTest" name="testNullPointerException1" time="0.002" />
  <testcase classname="com.mavericks.assignment.unittest.ExpenseHandlerTest" name="testNullPointerException2" time="0.0" />
  <system-out><![CDATA[]]></system-out>
  <system-err><![CDATA[]]></system-err>
</testsuite>
